Performing C SOURCE FILE Test CMAKE_HAVE_LIBC_PTHREAD failed with the following output:
Change Dir: /home/lotophagos/Documents/ENPC/MOPSI/code/build/CMakeFiles/CMakeTmp

Run Build Command(s):/usr/bin/make cmTC_b0ebd/fast && /usr/bin/make -f CMakeFiles/cmTC_b0ebd.dir/build.make CMakeFiles/cmTC_b0ebd.dir/build
make[1] : on entre dans le répertoire « /home/lotophagos/Documents/ENPC/MOPSI/code/build/CMakeFiles/CMakeTmp »
Building C object CMakeFiles/cmTC_b0ebd.dir/src.c.o
/usr/bin/cc   -DCMAKE_HAVE_LIBC_PTHREAD   -o CMakeFiles/cmTC_b0ebd.dir/src.c.o   -c /home/lotophagos/Documents/ENPC/MOPSI/code/build/CMakeFiles/CMakeTmp/src.c
Linking C executable cmTC_b0ebd
/usr/bin/cmake -E cmake_link_script CMakeFiles/cmTC_b0ebd.dir/link.txt --verbose=1
/usr/bin/cc  -DCMAKE_HAVE_LIBC_PTHREAD    -rdynamic CMakeFiles/cmTC_b0ebd.dir/src.c.o  -o cmTC_b0ebd 
/usr/bin/ld : CMakeFiles/cmTC_b0ebd.dir/src.c.o : dans la fonction « main » :
src.c:(.text+0x3e) : référence indéfinie vers « pthread_create »
/usr/bin/ld : src.c:(.text+0x4a) : référence indéfinie vers « pthread_detach »
/usr/bin/ld : src.c:(.text+0x5b) : référence indéfinie vers « pthread_join »
collect2: erreur: ld a retourné le statut de sortie 1
make[1]: *** [CMakeFiles/cmTC_b0ebd.dir/build.make:87: cmTC_b0ebd] Error 1
make[1] : on quitte le répertoire « /home/lotophagos/Documents/ENPC/MOPSI/code/build/CMakeFiles/CMakeTmp »
make: *** [Makefile:121: cmTC_b0ebd/fast] Error 2


Source file was:
#include <pthread.h>

void* test_func(void* data)
{
  return data;
}

int main(void)
{
  pthread_t thread;
  pthread_create(&thread, NULL, test_func, NULL);
  pthread_detach(thread);
  pthread_join(thread, NULL);
  pthread_atfork(NULL, NULL, NULL);
  pthread_exit(NULL);

  return 0;
}

Determining if the function pthread_create exists in the pthreads failed with the following output:
Change Dir: /home/lotophagos/Documents/ENPC/MOPSI/code/build/CMakeFiles/CMakeTmp

Run Build Command(s):/usr/bin/make cmTC_9f2de/fast && /usr/bin/make -f CMakeFiles/cmTC_9f2de.dir/build.make CMakeFiles/cmTC_9f2de.dir/build
make[1] : on entre dans le répertoire « /home/lotophagos/Documents/ENPC/MOPSI/code/build/CMakeFiles/CMakeTmp »
Building C object CMakeFiles/cmTC_9f2de.dir/CheckFunctionExists.c.o
/usr/bin/cc   -DCHECK_FUNCTION_EXISTS=pthread_create   -o CMakeFiles/cmTC_9f2de.dir/CheckFunctionExists.c.o   -c /usr/share/cmake-3.16/Modules/CheckFunctionExists.c
Linking C executable cmTC_9f2de
/usr/bin/cmake -E cmake_link_script CMakeFiles/cmTC_9f2de.dir/link.txt --verbose=1
/usr/bin/cc  -DCHECK_FUNCTION_EXISTS=pthread_create    -rdynamic CMakeFiles/cmTC_9f2de.dir/CheckFunctionExists.c.o  -o cmTC_9f2de  -lpthreads 
/usr/bin/ld : ne peut trouver -lpthreads
collect2: erreur: ld a retourné le statut de sortie 1
make[1]: *** [CMakeFiles/cmTC_9f2de.dir/build.make:87: cmTC_9f2de] Error 1
make[1] : on quitte le répertoire « /home/lotophagos/Documents/ENPC/MOPSI/code/build/CMakeFiles/CMakeTmp »
make: *** [Makefile:121: cmTC_9f2de/fast] Error 2



